<?xml version="1.0" encoding="UTF-8"?>
<!-- Generated by org.testng.reporters.JUnitReportReporter -->
<testsuite hostname="DESKTOP-4K9LKBS" failures="0" tests="1" name="org.example.WebTest" time="1.065" errors="0" timestamp="2025-03-11T10:13:03 BDT" skipped="0">
  <testcase classname="org.example.WebTest" name="testPageTittle" time="1.065"/>
</testsuite> <!-- org.example.WebTest -->
